Finish training graph 0 2025-12-05 05:09:34
Start validating 2025-12-05 05:09:34
../graphchi-cpp-master/graph_data/darpatc/trace_test.txt 2025-12-05 05:09:34
Data(edge_index=[2, 3405646], test_mask=[1211448], train_mask=[1211448], x=[1211448, 46], y=[1211448])
validating in model  0
fp and fn:  582815 628633
Precision:  0.11619762027935851
Recall:  1.0
validating in model  1
fp and fn:  198051 384764
Precision:  0.3425499466219308
Recall:  1.0
validating in model  2
fp and fn:  75799 122252
Precision:  0.4727105636075372
Recall:  1.0
validating in model  3
fp and fn:  26193 49606
Precision:  0.7247480451313822
Recall:  0.9999851594615853
root@aaad72488d20:/threaTrace/scripts# python test_darpatc.py --scene trace
Start testing graph 1 in model 0 2025-12-05 06:33:35
../graphchi-cpp-master/graph_data/darpatc/trace_test_rcaid.txt 2025-12-05 06:33:35
0  loss:0.0000  acc:0.5189  fp:582815
1  loss:0.0000  acc:0.6602  fp:198051
2  loss:0.0000  acc:0.6173  fp:75799
3  loss:0.0000  acc:0.6544  fp:26193
Finish testing graph 1 in model 0 2025-12-05 06:35:37
root@aaad72488d20:/threaTrace/scripts# python evaluate_darpatc.py
67382 25591 1118474 1
Precision:  0.7247480451313815
Recall:  0.9999851594615837
F-Score:  0.8404050986067637